<?xml version="1.0" encoding="UTF-8"?>
<!-- Generated by org.testng.reporters.JUnitXMLReporter -->
<testsuite hostname="Admins-MacBook-Pro-5.local" ignored="1" name="Default test" tests="1" failures="0" timestamp="15 Oct 2018 19:55:14 GMT" time="3.493" errors="0">
  <testcase name="testGetNamesAPIOlxRepo" time="3.477" classname="TestFramework.sampleApiTestOlxRepo"/>
  <testcase name="testGetSizeAPIOlxRepo" time="0.0" classname="TestFramework.sampleApiTestOlxRepo">
    <ignored/>
  </testcase> <!-- testGetSizeAPIOlxRepo -->
</testsuite> <!-- Default test -->
