<?xml version="1.0" encoding="UTF-8"?>
<testng-results skipped="0" failed="0" ignored="0" total="1" passed="1">
  <reporter-output>
  </reporter-output>
  <suite name="Default suite" duration-ms="4087" started-at="2018-10-17T13:52:38Z" finished-at="2018-10-17T13:52:42Z">
    <groups>
    </groups>
    <test name="Default test" duration-ms="4087" started-at="2018-10-17T13:52:38Z" finished-at="2018-10-17T13:52:42Z">
      <class name="TestFramework.sampleApiTestOlx">
        <test-method status="PASS" signature="getIDAPIOlx()[pri:0, instance:TestFramework.sampleApiTestOlx@42e26948]" name="getIDAPIOlx" duration-ms="4066" started-at="2018-10-17T13:52:38Z" finished-at="2018-10-17T13:52:42Z">
          <reporter-output>
          </reporter-output>
        </test-method> <!-- getIDAPIOlx -->
      </class> <!-- TestFramework.sampleApiTestOlx -->
    </test> <!-- Default test -->
  </suite> <!-- Default suite -->
</testng-results>
