<?xml version="1.0" encoding="UTF-8"?>
<testng-results skipped="0" failed="0" ignored="1" total="2" passed="1">
  <reporter-output>
  </reporter-output>
  <suite name="Default suite" duration-ms="3493" started-at="2018-10-15T19:55:06Z" finished-at="2018-10-15T19:55:09Z">
    <groups>
    </groups>
    <test name="Default test" duration-ms="3493" started-at="2018-10-15T19:55:06Z" finished-at="2018-10-15T19:55:09Z">
      <class name="TestFramework.sampleApiTestOlxRepo">
        <test-method status="PASS" signature="testGetNamesAPIOlxRepo()[pri:0, instance:TestFramework.sampleApiTestOlxRepo@6d4b1c02]" name="testGetNamesAPIOlxRepo" duration-ms="3477" started-at="2018-10-15T19:55:06Z" finished-at="2018-10-15T19:55:09Z">
          <reporter-output>
          </reporter-output>
        </test-method> <!-- testGetNamesAPIOlxRepo -->
      </class> <!-- TestFramework.sampleApiTestOlxRepo -->
    </test> <!-- Default test -->
  </suite> <!-- Default suite -->
</testng-results>
